<?xml version="1.0" encoding="UTF-8"?>
<testsuite name="com.lab.web.service.PointHitTest" tests="16" skipped="0" failures="0" errors="0" timestamp="2026-04-28T17:48:22.819Z" hostname="EKATERINAGALAK" time="0.029">
  <properties/>
  <testcase name="[1] 0, 0, 5, true" classname="com.lab.web.service.PointHitTest" time="0.009"/>
  <testcase name="[2] 2.5, 0, 5, true" classname="com.lab.web.service.PointHitTest" time="0.001"/>
  <testcase name="[3] 0, -2.5, 5, true" classname="com.lab.web.service.PointHitTest" time="0.0"/>
  <testcase name="[4] 0, -5, 5, false" classname="com.lab.web.service.PointHitTest" time="0.0"/>
  <testcase name="[5] 1, -1, 5, true" classname="com.lab.web.service.PointHitTest" time="0.0"/>
  <testcase name="[6] 2, -2, 5, false" classname="com.lab.web.service.PointHitTest" time="0.0"/>
  <testcase name="[1] 0, 0, 5, true" classname="com.lab.web.service.PointHitTest" time="0.001"/>
  <testcase name="[2] -5, 0, 5, true" classname="com.lab.web.service.PointHitTest" time="0.001"/>
  <testcase name="[3] 0, -2.5, 5, true" classname="com.lab.web.service.PointHitTest" time="0.001"/>
  <testcase name="[4] -5, -2.5, 5, true" classname="com.lab.web.service.PointHitTest" time="0.0"/>
  <testcase name="[5] -5.1, -1, 5, false" classname="com.lab.web.service.PointHitTest" time="0.001"/>
  <testcase name="[6] -1, -2.6, 5, false" classname="com.lab.web.service.PointHitTest" time="0.0"/>
  <testcase name="[1] 0, 0, 5, true" classname="com.lab.web.service.PointHitTest" time="0.0"/>
  <testcase name="[2] -3, 4, 5, true" classname="com.lab.web.service.PointHitTest" time="0.001"/>
  <testcase name="[3] -1, 1, 5, true" classname="com.lab.web.service.PointHitTest" time="0.0"/>
  <testcase name="[4] -4, 4, 5, false" classname="com.lab.web.service.PointHitTest" time="0.001"/>
  <system-out><![CDATA[]]></system-out>
  <system-err><![CDATA[]]></system-err>
</testsuite>
