<?xml version="1.0" encoding="UTF-8"?>
<testsuite name="com.lab.web.PointValidationTest" tests="19" skipped="0" failures="0" errors="0" timestamp="2026-04-28T17:48:22.754Z" hostname="EKATERINAGALAK" time="0.048">
  <properties/>
  <testcase name="[1] 1.0" classname="com.lab.web.PointValidationTest" time="0.021"/>
  <testcase name="[2] 3.0" classname="com.lab.web.PointValidationTest" time="0.0"/>
  <testcase name="[3] 5.0" classname="com.lab.web.PointValidationTest" time="0.001"/>
  <testcase name="[1] 0.5" classname="com.lab.web.PointValidationTest" time="0.003"/>
  <testcase name="[2] 5.5" classname="com.lab.web.PointValidationTest" time="0.001"/>
  <testcase name="[3] -1.0" classname="com.lab.web.PointValidationTest" time="0.001"/>
  <testcase name="[1] -3.0" classname="com.lab.web.PointValidationTest" time="0.0"/>
  <testcase name="[2] 0.0" classname="com.lab.web.PointValidationTest" time="0.0"/>
  <testcase name="[3] 2.5" classname="com.lab.web.PointValidationTest" time="0.001"/>
  <testcase name="[4] 5.0" classname="com.lab.web.PointValidationTest" time="0.0"/>
  <testcase name="[1] -5.0" classname="com.lab.web.PointValidationTest" time="0.0"/>
  <testcase name="[2] 0.0" classname="com.lab.web.PointValidationTest" time="0.0"/>
  <testcase name="[3] 3.0" classname="com.lab.web.PointValidationTest" time="0.0"/>
  <testcase name="[1] -3.1" classname="com.lab.web.PointValidationTest" time="0.0"/>
  <testcase name="[2] 5.1" classname="com.lab.web.PointValidationTest" time="0.0"/>
  <testcase name="testCreatePointDataInvalidR_FromGraph()" classname="com.lab.web.PointValidationTest" time="0.004"/>
  <testcase name="testCreatePointDataThrowsException()" classname="com.lab.web.PointValidationTest" time="0.001"/>
  <testcase name="[1] -5.1" classname="com.lab.web.PointValidationTest" time="0.001"/>
  <testcase name="[2] 3.1" classname="com.lab.web.PointValidationTest" time="0.0"/>
  <system-out><![CDATA[]]></system-out>
  <system-err><![CDATA[]]></system-err>
</testsuite>
